Arguments: 
  /usr/local/bin/node /usr/local/bin/yarn install

PATH: 
  /usr/local/bin:/usr/bin:/bin:/usr/sbin:/sbin:/Users/rohanrana/.android-sdk-macosx/platform-tools/:/Users/rohanrana/Library/Android/sdk/tools:/Users/rohanrana/Library/Android/sdk/platform-tools

Yarn version: 
  1.22.4

Node version: 
  10.15.3

Platform: 
  darwin x64

Trace: 
  Error: 4593716672:error:1408F119:SSL routines:ssl3_get_record:decryption failed or bad record mac:../deps/openssl/openssl/ssl/record/ssl3_record.c:469:

npm manifest: 
  {
    "name": "anlayticstest",
    "version": "0.1.0",
    "private": true,
    "dependencies": {
      "@testing-library/jest-dom": "^4.2.4",
      "@testing-library/react": "^9.5.0",
      "@testing-library/user-event": "^7.2.1",
      "antd": "^4.0.1",
      "axios": "^0.19.2",
      "moment": "^2.24.0",
      "prop-types": "^15.7.2",
      "react": "^16.13.0",
      "react-device-detect": "^1.11.14",
      "react-dom": "^16.13.0",
      "react-redux": "^7.2.0",
      "react-router": "^5.1.2",
      "react-router-dom": "^5.1.2",
      "react-scripts": "3.4.0",
      "reactstrap": "^8.4.1",
      "redux": "^4.0.5",
      "redux-thunk": "^2.3.0",
      "save": "^2.4.0",
      "validator": "^12.2.0"
    },
    "scripts": {
      "start": "react-scripts start",
      "build": "react-scripts build",
      "test": "react-scripts test",
      "eject": "react-scripts eject"
    },
    "eslintConfig": {
      "extends": "react-app"
    },
    "browserslist": {
      "production": [
        ">0.2%",
        "not dead",
        "not op_mini all"
      ],
      "development": [
        "last 1 chrome version",
        "last 1 firefox version",
        "last 1 safari version"
      ]
    }
  }

yarn manifest: 
  No manifest

Lockfile: 
  No lockfile
